app/build/intermediates/manifest_merge_blame_file/debug/manifest-merger-blame-debug-report.txt
1<?xml version="1.0" encoding="utf-8"?>
2<manifest xmlns:android="http://schemas.android.com/apk/res/android"
3    package="com.example.cliff_screen"
4    android:versionCode="1"
5    android:versionName="1.0" >
6
7    <uses-sdk
8        android:minSdkVersion="16"
8-->src\main\AndroidManifest.xml
9        android:targetSdkVersion="30" />
9-->src\main\AndroidManifest.xml
10
11    <uses-permission android:name="android.permission.INTERNET" />
11-->[com.google.firebase:firebase-auth:21.0.2] AndroidManifest.xml:23:5-67
11-->[com.google.firebase:firebase-auth:21.0.2] AndroidManifest.xml:23:22-64
12    <uses-permission android:name="android.permission.ACCESS_NETWORK_STATE" />
12-->[com.google.firebase:firebase-auth:21.0.2] AndroidManifest.xml:24:5-79
12-->[com.google.firebase:firebase-auth:21.0.2] AndroidManifest.xml:24:22-76
13    <uses-permission android:name="android.permission.CAMERA" />
13-->[io.card:android-sdk:5.3.4] AndroidManifest.xml:11:5-65
13-->[io.card:android-sdk:5.3.4] AndroidManifest.xml:11:22-62
14    <uses-permission android:name="android.permission.VIBRATE" />
14-->[io.card:android-sdk:5.3.4] AndroidManifest.xml:12:5-66
14-->[io.card:android-sdk:5.3.4] AndroidManifest.xml:12:22-63
15
16    <uses-feature
16-->[io.card:android-sdk:5.3.4] AndroidManifest.xml:14:5-16:36
17        android:name="android.hardware.camera"
17-->[io.card:android-sdk:5.3.4] AndroidManifest.xml:15:9-47
18        android:required="false" />
18-->[io.card:android-sdk:5.3.4] AndroidManifest.xml:16:9-33
19    <uses-feature
19-->[io.card:android-sdk:5.3.4] AndroidManifest.xml:17:5-19:36
20        android:name="android.hardware.camera.autofocus"
20-->[io.card:android-sdk:5.3.4] AndroidManifest.xml:18:9-57
21        android:required="false" />
21-->[io.card:android-sdk:5.3.4] AndroidManifest.xml:19:9-33
22
23    <application
23-->src\main\AndroidManifest.xml:5:5-40:19
24        android:allowBackup="true"
24-->src\main\AndroidManifest.xml:6:9-35
25        android:appComponentFactory="androidx.core.app.CoreComponentFactory"
25-->[androidx.core:core:1.7.0] AndroidManifest.xml:24:18-86
26        android:debuggable="true"
27        android:icon="@mipmap/ic_launcher"
27-->src\main\AndroidManifest.xml:7:9-43
28        android:label="@string/app_name"
28-->src\main\AndroidManifest.xml:8:9-41
29        android:roundIcon="@mipmap/ic_launcher_round"
29-->src\main\AndroidManifest.xml:9:9-54
30        android:supportsRtl="true"
30-->src\main\AndroidManifest.xml:10:9-35
31        android:testOnly="true"
32        android:theme="@style/Theme.Cliff_screen" >
32-->src\main\AndroidManifest.xml:11:9-50
33        <activity
33-->src\main\AndroidManifest.xml:12:9-14:40
34            android:name="com.example.cliff_screen.Payment"
34-->src\main\AndroidManifest.xml:13:13-36
35            android:exported="false" />
35-->src\main\AndroidManifest.xml:14:13-37
36        <activity
36-->src\main\AndroidManifest.xml:15:9-17:40
37            android:name="com.example.cliff_screen.MainActivity"
37-->src\main\AndroidManifest.xml:16:13-41
38            android:exported="false" />
38-->src\main\AndroidManifest.xml:17:13-37
39        <activity
39-->src\main\AndroidManifest.xml:18:9-20:40
40            android:name="com.example.cliff_screen.ProfileActivity"
40-->src\main\AndroidManifest.xml:19:13-44
41            android:exported="false" />
41-->src\main\AndroidManifest.xml:20:13-37
42        <activity
42-->src\main\AndroidManifest.xml:21:9-23:40
43            android:name="com.example.cliff_screen.Charity_Organization"
43-->src\main\AndroidManifest.xml:22:13-49
44            android:exported="false" />
44-->src\main\AndroidManifest.xml:23:13-37
45        <activity
45-->src\main\AndroidManifest.xml:24:9-26:40
46            android:name="com.example.cliff_screen.DonorRegistrationActivity"
46-->src\main\AndroidManifest.xml:25:13-54
47            android:exported="false" />
47-->src\main\AndroidManifest.xml:26:13-37
48        <activity
48-->src\main\AndroidManifest.xml:27:9-29:40
49            android:name="com.example.cliff_screen.SelectDoC"
49-->src\main\AndroidManifest.xml:28:13-38
50            android:exported="false" />
50-->src\main\AndroidManifest.xml:29:13-37
51        <activity
51-->src\main\AndroidManifest.xml:30:9-32:40
52            android:name="com.example.cliff_screen.LoginActivity"
52-->src\main\AndroidManifest.xml:31:13-42
53            android:exported="false" />
53-->src\main\AndroidManifest.xml:32:13-37
54        <activity android:name="com.example.cliff_screen.splash_screen" >
54-->src\main\AndroidManifest.xml:33:9-39:20
54-->src\main\AndroidManifest.xml:33:19-48
55            <intent-filter>
55-->src\main\AndroidManifest.xml:34:13-38:29
56                <action android:name="android.intent.action.MAIN" />
56-->src\main\AndroidManifest.xml:35:17-69
56-->src\main\AndroidManifest.xml:35:25-66
57
58                <category android:name="android.intent.category.LAUNCHER" />
58-->src\main\AndroidManifest.xml:37:17-77
58-->src\main\AndroidManifest.xml:37:27-74
59            </intent-filter>
60        </activity>
61        <activity
61-->[com.google.firebase:firebase-auth:21.0.2] AndroidManifest.xml:27:9-44:20
62            android:name="com.google.firebase.auth.internal.GenericIdpActivity"
62-->[com.google.firebase:firebase-auth:21.0.2] AndroidManifest.xml:28:13-80
63            android:excludeFromRecents="true"
63-->[com.google.firebase:firebase-auth:21.0.2] AndroidManifest.xml:29:13-46
64            android:exported="true"
64-->[com.google.firebase:firebase-auth:21.0.2] AndroidManifest.xml:30:13-36
65            android:launchMode="singleTask"
65-->[com.google.firebase:firebase-auth:21.0.2] AndroidManifest.xml:31:13-44
66            android:theme="@android:style/Theme.Translucent.NoTitleBar" >
66-->[com.google.firebase:firebase-auth:21.0.2] AndroidManifest.xml:32:13-72
67            <intent-filter>
67-->[com.google.firebase:firebase-auth:21.0.2] AndroidManifest.xml:33:13-43:29
68                <action android:name="android.intent.action.VIEW" />
68-->[com.google.firebase:firebase-auth:21.0.2] AndroidManifest.xml:34:17-69
68-->[com.google.firebase:firebase-auth:21.0.2] AndroidManifest.xml:34:25-66
69
70                <category android:name="android.intent.category.DEFAULT" />
70-->[com.google.firebase:firebase-auth:21.0.2] AndroidManifest.xml:36:17-76
70-->[com.google.firebase:firebase-auth:21.0.2] AndroidManifest.xml:36:27-73
71                <category android:name="android.intent.category.BROWSABLE" />
71-->[com.google.firebase:firebase-auth:21.0.2] AndroidManifest.xml:37:17-78
71-->[com.google.firebase:firebase-auth:21.0.2] AndroidManifest.xml:37:27-75
72
73                <data
73-->[com.google.firebase:firebase-auth:21.0.2] AndroidManifest.xml:39:17-42:51
74                    android:host="firebase.auth"
74-->[com.google.firebase:firebase-auth:21.0.2] AndroidManifest.xml:40:21-49
75                    android:path="/"
75-->[com.google.firebase:firebase-auth:21.0.2] AndroidManifest.xml:41:21-37
76                    android:scheme="genericidp" />
76-->[com.google.firebase:firebase-auth:21.0.2] AndroidManifest.xml:42:21-48
77            </intent-filter>
78        </activity>
79        <activity
79-->[com.google.firebase:firebase-auth:21.0.2] AndroidManifest.xml:45:9-62:20
80            android:name="com.google.firebase.auth.internal.RecaptchaActivity"
80-->[com.google.firebase:firebase-auth:21.0.2] AndroidManifest.xml:46:13-79
81            android:excludeFromRecents="true"
81-->[com.google.firebase:firebase-auth:21.0.2] AndroidManifest.xml:47:13-46
82            android:exported="true"
82-->[com.google.firebase:firebase-auth:21.0.2] AndroidManifest.xml:48:13-36
83            android:launchMode="singleTask"
83-->[com.google.firebase:firebase-auth:21.0.2] AndroidManifest.xml:49:13-44
84            android:theme="@android:style/Theme.Translucent.NoTitleBar" >
84-->[com.google.firebase:firebase-auth:21.0.2] AndroidManifest.xml:50:13-72
85            <intent-filter>
85-->[com.google.firebase:firebase-auth:21.0.2] AndroidManifest.xml:51:13-61:29
86                <action android:name="android.intent.action.VIEW" />
86-->[com.google.firebase:firebase-auth:21.0.2] AndroidManifest.xml:34:17-69
86-->[com.google.firebase:firebase-auth:21.0.2] AndroidManifest.xml:34:25-66
87
88                <category android:name="android.intent.category.DEFAULT" />
88-->[com.google.firebase:firebase-auth:21.0.2] AndroidManifest.xml:36:17-76
88-->[com.google.firebase:firebase-auth:21.0.2] AndroidManifest.xml:36:27-73
89                <category android:name="android.intent.category.BROWSABLE" />
89-->[com.google.firebase:firebase-auth:21.0.2] AndroidManifest.xml:37:17-78
89-->[com.google.firebase:firebase-auth:21.0.2] AndroidManifest.xml:37:27-75
90
91                <data
91-->[com.google.firebase:firebase-auth:21.0.2] AndroidManifest.xml:39:17-42:51
92                    android:host="firebase.auth"
92-->[com.google.firebase:firebase-auth:21.0.2] AndroidManifest.xml:40:21-49
93                    android:path="/"
93-->[com.google.firebase:firebase-auth:21.0.2] AndroidManifest.xml:41:21-37
94                    android:scheme="recaptcha" />
94-->[com.google.firebase:firebase-auth:21.0.2] AndroidManifest.xml:42:21-48
95            </intent-filter>
96        </activity>
97
98        <service
98-->[com.google.firebase:firebase-auth:21.0.2] AndroidManifest.xml:64:9-70:19
99            android:name="com.google.firebase.components.ComponentDiscoveryService"
99-->[com.google.firebase:firebase-auth:21.0.2] AndroidManifest.xml:65:13-84
100            android:directBootAware="true"
100-->[com.google.firebase:firebase-common:20.1.0] AndroidManifest.xml:35:13-43
101            android:exported="false" >
101-->[com.google.firebase:firebase-auth:21.0.2] AndroidManifest.xml:66:13-37
102            <meta-data
102-->[com.google.firebase:firebase-auth:21.0.2] AndroidManifest.xml:67:13-69:85
103                android:name="com.google.firebase.components:com.google.firebase.auth.FirebaseAuthRegistrar"
103-->[com.google.firebase:firebase-auth:21.0.2] AndroidManifest.xml:68:17-109
104                android:value="com.google.firebase.components.ComponentRegistrar" />
104-->[com.google.firebase:firebase-auth:21.0.2] AndroidManifest.xml:69:17-82
105            <meta-data
105-->[com.google.firebase:firebase-database:20.0.4] AndroidManifest.xml:32:13-34:85
106                android:name="com.google.firebase.components:com.google.firebase.database.DatabaseRegistrar"
106-->[com.google.firebase:firebase-database:20.0.4] AndroidManifest.xml:33:17-109
107                android:value="com.google.firebase.components.ComponentRegistrar" />
107-->[com.google.firebase:firebase-database:20.0.4] AndroidManifest.xml:34:17-82
108            <meta-data
108-->[com.google.firebase:firebase-storage:20.0.1] AndroidManifest.xml:33:13-35:85
109                android:name="com.google.firebase.components:com.google.firebase.storage.StorageRegistrar"
109-->[com.google.firebase:firebase-storage:20.0.1] AndroidManifest.xml:34:17-107
110                android:value="com.google.firebase.components.ComponentRegistrar" />
110-->[com.google.firebase:firebase-storage:20.0.1] AndroidManifest.xml:35:17-82
111        </service>
112
113        <activity android:name="com.paypal.android.sdk.payments.PaymentActivity" />
113-->[com.paypal.sdk:paypal-android-sdk:2.14.2] AndroidManifest.xml:13:9-84
113-->[com.paypal.sdk:paypal-android-sdk:2.14.2] AndroidManifest.xml:13:19-81
114        <activity android:name="com.paypal.android.sdk.payments.PaymentMethodActivity" />
114-->[com.paypal.sdk:paypal-android-sdk:2.14.2] AndroidManifest.xml:14:9-90
114-->[com.paypal.sdk:paypal-android-sdk:2.14.2] AndroidManifest.xml:14:19-87
115        <activity android:name="com.paypal.android.sdk.payments.PaymentConfirmActivity" />
115-->[com.paypal.sdk:paypal-android-sdk:2.14.2] AndroidManifest.xml:15:9-91
115-->[com.paypal.sdk:paypal-android-sdk:2.14.2] AndroidManifest.xml:15:19-88
116        <activity android:name="com.paypal.android.sdk.payments.LoginActivity" />
116-->[com.paypal.sdk:paypal-android-sdk:2.14.2] AndroidManifest.xml:16:9-82
116-->[com.paypal.sdk:paypal-android-sdk:2.14.2] AndroidManifest.xml:16:19-79
117        <activity android:name="com.paypal.android.sdk.payments.PayPalFuturePaymentActivity" />
117-->[com.paypal.sdk:paypal-android-sdk:2.14.2] AndroidManifest.xml:17:9-96
117-->[com.paypal.sdk:paypal-android-sdk:2.14.2] AndroidManifest.xml:17:19-93
118        <activity android:name="com.paypal.android.sdk.payments.FuturePaymentConsentActivity" />
118-->[com.paypal.sdk:paypal-android-sdk:2.14.2] AndroidManifest.xml:18:9-97
118-->[com.paypal.sdk:paypal-android-sdk:2.14.2] AndroidManifest.xml:18:19-94
119        <activity android:name="com.paypal.android.sdk.payments.FuturePaymentInfoActivity" />
119-->[com.paypal.sdk:paypal-android-sdk:2.14.2] AndroidManifest.xml:19:9-94
119-->[com.paypal.sdk:paypal-android-sdk:2.14.2] AndroidManifest.xml:19:19-91
120        <activity android:name="com.paypal.android.sdk.payments.PayPalProfileSharingActivity" />
120-->[com.paypal.sdk:paypal-android-sdk:2.14.2] AndroidManifest.xml:20:9-97
120-->[com.paypal.sdk:paypal-android-sdk:2.14.2] AndroidManifest.xml:20:19-94
121        <activity android:name="com.paypal.android.sdk.payments.ProfileSharingConsentActivity" />
121-->[com.paypal.sdk:paypal-android-sdk:2.14.2] AndroidManifest.xml:21:9-98
121-->[com.paypal.sdk:paypal-android-sdk:2.14.2] AndroidManifest.xml:21:19-95
122
123        <service
123-->[com.paypal.sdk:paypal-android-sdk:2.14.2] AndroidManifest.xml:23:9-25:40
124            android:name="com.paypal.android.sdk.payments.PayPalService"
124-->[com.paypal.sdk:paypal-android-sdk:2.14.2] AndroidManifest.xml:24:13-73
125            android:exported="false" />
125-->[com.paypal.sdk:paypal-android-sdk:2.14.2] AndroidManifest.xml:25:13-37
126
127        <provider
127-->[com.google.firebase:firebase-common:20.1.0] AndroidManifest.xml:26:9-31:39
128            android:name="com.google.firebase.provider.FirebaseInitProvider"
128-->[com.google.firebase:firebase-common:20.1.0] AndroidManifest.xml:27:13-77
129            android:authorities="com.example.cliff_screen.firebaseinitprovider"
129-->[com.google.firebase:firebase-common:20.1.0] AndroidManifest.xml:28:13-72
130            android:directBootAware="true"
130-->[com.google.firebase:firebase-common:20.1.0] AndroidManifest.xml:29:13-43
131            android:exported="false"
131-->[com.google.firebase:firebase-common:20.1.0] AndroidManifest.xml:30:13-37
132            android:initOrder="100" />
132-->[com.google.firebase:firebase-common:20.1.0] AndroidManifest.xml:31:13-36
133
134        <activity
134-->[com.google.android.gms:play-services-base:18.0.1] AndroidManifest.xml:20:9-22:45
135            android:name="com.google.android.gms.common.api.GoogleApiActivity"
135-->[com.google.android.gms:play-services-base:18.0.1] AndroidManifest.xml:20:19-85
136            android:exported="false"
136-->[com.google.android.gms:play-services-base:18.0.1] AndroidManifest.xml:22:19-43
137            android:theme="@android:style/Theme.Translucent.NoTitleBar" />
137-->[com.google.android.gms:play-services-base:18.0.1] AndroidManifest.xml:21:19-78
138
139        <meta-data
139-->[com.google.android.gms:play-services-basement:18.0.0] AndroidManifest.xml:21:9-23:69
140            android:name="com.google.android.gms.version"
140-->[com.google.android.gms:play-services-basement:18.0.0] AndroidManifest.xml:22:13-58
141            android:value="@integer/google_play_services_version" />
141-->[com.google.android.gms:play-services-basement:18.0.0] AndroidManifest.xml:23:13-66
142
143        <provider
143-->[androidx.emoji2:emoji2:1.0.0] AndroidManifest.xml:26:9-34:20
144            android:name="androidx.startup.InitializationProvider"
144-->[androidx.emoji2:emoji2:1.0.0] AndroidManifest.xml:27:13-67
145            android:authorities="com.example.cliff_screen.androidx-startup"
145-->[androidx.emoji2:emoji2:1.0.0] AndroidManifest.xml:28:13-68
146            android:exported="false" >
146-->[androidx.emoji2:emoji2:1.0.0] AndroidManifest.xml:29:13-37
147            <meta-data
147-->[androidx.emoji2:emoji2:1.0.0] AndroidManifest.xml:31:13-33:52
148                android:name="androidx.emoji2.text.EmojiCompatInitializer"
148-->[androidx.emoji2:emoji2:1.0.0] AndroidManifest.xml:32:17-75
149                android:value="androidx.startup" />
149-->[androidx.emoji2:emoji2:1.0.0] AndroidManifest.xml:33:17-49
150            <meta-data
150-->[androidx.lifecycle:lifecycle-process:2.4.0] AndroidManifest.xml:31:13-33:52
151                android:name="androidx.lifecycle.ProcessLifecycleInitializer"
151-->[androidx.lifecycle:lifecycle-process:2.4.0] AndroidManifest.xml:32:17-78
152                android:value="androidx.startup" />
152-->[androidx.lifecycle:lifecycle-process:2.4.0] AndroidManifest.xml:33:17-49
153        </provider>
154
155        <activity
155-->[io.card:android-sdk:5.3.4] AndroidManifest.xml:22:9-24:66
156            android:name="io.card.payment.CardIOActivity"
156-->[io.card:android-sdk:5.3.4] AndroidManifest.xml:23:13-58
157            android:configChanges="keyboardHidden|orientation" />
157-->[io.card:android-sdk:5.3.4] AndroidManifest.xml:24:13-63
158        <activity android:name="io.card.payment.DataEntryActivity" />
158-->[io.card:android-sdk:5.3.4] AndroidManifest.xml:25:9-70
158-->[io.card:android-sdk:5.3.4] AndroidManifest.xml:25:19-67
159    </application>
160
161</manifest>